2014/01/07 17:06:35 [error] [exception.CException] exception 'CException' with message 'La proprietà "Mezzi"."immatricolazione, scadenza_assicurazione, scadenza_bollo" non è definita.' in /private/var/www/gesticoop/yii/framework/base/CComponent.php:130
Stack trace:
#0 /private/var/www/gesticoop/yii/framework/db/ar/CActiveRecord.php(145): CComponent->__get('immatricolazion...')
#1 /private/var/www/gesticoop/protected/components/myDateFormat.php(33): CActiveRecord->__get('immatricolazion...')
#2 /private/var/www/gesticoop/yii/framework/base/CComponent.php(561): myDateFormat->afterFind(Object(CEvent))
#3 /private/var/www/gesticoop/yii/framework/db/ar/CActiveRecord.php(896): CComponent->raiseEvent('onAfterFind', Object(CEvent))
#4 /private/var/www/gesticoop/yii/framework/db/ar/CActiveRecord.php(1034): CActiveRecord->onAfterFind(Object(CEvent))
#5 /private/var/www/gesticoop/yii/framework/db/ar/CActiveRecord.php(1866): CActiveRecord->afterFind()
#6 /private/var/www/gesticoop/yii/framework/db/ar/CActiveRecord.php(1887): CActiveRecord->populateRecord(Array, true)
#7 /private/var/www/gesticoop/yii/framework/db/ar/CActiveRecord.php(1351): CActiveRecord->populateRecords(Array, true, NULL)
#8 /private/var/www/gesticoop/yii/framework/db/ar/CActiveRecord.php(1470): CActiveRecord->query(Object(CDbCriteria), true)
#9 /private/var/www/gesticoop/yii/framework/web/CActiveDataProvider.php(199): CActiveRecord->findAll(Object(CDbCriteria))
#10 /private/var/www/gesticoop/yii/framework/web/CDataProvider.php(168): CActiveDataProvider->fetchData()
#11 /private/var/www/gesticoop/yii/framework/zii/widgets/CBaseListView.php(111): CDataProvider->getData()
#12 /private/var/www/gesticoop/yii/framework/zii/widgets/grid/CGridView.php(339): CBaseListView->init()
#13 /private/var/www/gesticoop/yii/framework/web/CBaseController.php(147): CGridView->init()
#14 /private/var/www/gesticoop/yii/framework/web/CBaseController.php(172): CBaseController->createWidget('zii.widgets.gri...', Array)
#15 /private/var/www/gesticoop/protected/views/mezzi/admin.php(71): CBaseController->widget('zii.widgets.gri...', Array)
#16 /private/var/www/gesticoop/yii/framework/web/CBaseController.php(126): require('/private/var/ww...')
#17 /private/var/www/gesticoop/yii/framework/web/CBaseController.php(95): CBaseController->renderInternal('/private/var/ww...', Array, true)
#18 /private/var/www/gesticoop/yii/framework/web/CController.php(869): CBaseController->renderFile('/private/var/ww...', Array, true)
#19 /private/var/www/gesticoop/yii/framework/web/CController.php(782): CController->renderPartial('admin', Array, true)
#20 /private/var/www/gesticoop/protected/controllers/MezziController.php(144): CController->render('admin', Array)
#21 /private/var/www/gesticoop/yii/framework/web/actions/CInlineAction.php(49): MezziController->actionIndex()
#22 /private/var/www/gesticoop/yii/framework/web/CController.php(308): CInlineAction->runWithParams(Array)
#23 /private/var/www/gesticoop/yii/framework/web/filters/CFilterChain.php(133): CController->runAction(Object(CInlineAction))
#24 /private/var/www/gesticoop/yii/framework/web/filters/CFilter.php(40): CFilterChain->run()
#25 /private/var/www/gesticoop/yii/framework/web/CController.php(1145): CFilter->filter(Object(CFilterChain))
#26 /private/var/www/gesticoop/yii/framework/web/filters/CInlineFilter.php(58): CController->filterAccessControl(Object(CFilterChain))
#27 /private/var/www/gesticoop/yii/framework/web/filters/CFilterChain.php(130): CInlineFilter->filter(Object(CFilterChain))
#28 /private/var/www/gesticoop/yii/framework/web/CController.php(291): CFilterChain->run()
#29 /private/var/www/gesticoop/yii/framework/web/CController.php(265): CController->runActionWithFilters(Object(CInlineAction), Array)
#30 /private/var/www/gesticoop/yii/framework/web/CWebApplication.php(282): CController->run('')
#31 /private/var/www/gesticoop/yii/framework/web/CWebApplication.php(141): CWebApplication->runController('mezzi')
#32 /private/var/www/gesticoop/yii/framework/base/CApplication.php(180): CWebApplication->processRequest()
#33 /private/var/www/gesticoop/index.php(13): CApplication->run()
#34 {main}
REQUEST_URI=/gesticoop/mezzi
---
2014/01/07 17:07:55 [error] [exception.CException] exception 'CException' with message 'La proprietà "Mezzi"."immatricolazione, scadenza_assicurazione, scadenza_bollo" non è definita.' in /private/var/www/gesticoop/yii/framework/base/CComponent.php:130
Stack trace:
#0 /private/var/www/gesticoop/yii/framework/db/ar/CActiveRecord.php(145): CComponent->__get('immatricolazion...')
#1 /private/var/www/gesticoop/protected/components/myDateFormat.php(33): CActiveRecord->__get('immatricolazion...')
#2 /private/var/www/gesticoop/yii/framework/base/CComponent.php(561): myDateFormat->afterFind(Object(CEvent))
#3 /private/var/www/gesticoop/yii/framework/db/ar/CActiveRecord.php(896): CComponent->raiseEvent('onAfterFind', Object(CEvent))
#4 /private/var/www/gesticoop/yii/framework/db/ar/CActiveRecord.php(1034): CActiveRecord->onAfterFind(Object(CEvent))
#5 /private/var/www/gesticoop/yii/framework/db/ar/CActiveRecord.php(1866): CActiveRecord->afterFind()
#6 /private/var/www/gesticoop/yii/framework/db/ar/CActiveRecord.php(1887): CActiveRecord->populateRecord(Array, true)
#7 /private/var/www/gesticoop/yii/framework/db/ar/CActiveRecord.php(1351): CActiveRecord->populateRecords(Array, true, NULL)
#8 /private/var/www/gesticoop/yii/framework/db/ar/CActiveRecord.php(1470): CActiveRecord->query(Object(CDbCriteria), true)
#9 /private/var/www/gesticoop/yii/framework/web/CActiveDataProvider.php(199): CActiveRecord->findAll(Object(CDbCriteria))
#10 /private/var/www/gesticoop/yii/framework/web/CDataProvider.php(168): CActiveDataProvider->fetchData()
#11 /private/var/www/gesticoop/yii/framework/zii/widgets/CBaseListView.php(111): CDataProvider->getData()
#12 /private/var/www/gesticoop/yii/framework/zii/widgets/grid/CGridView.php(339): CBaseListView->init()
#13 /private/var/www/gesticoop/yii/framework/web/CBaseController.php(147): CGridView->init()
#14 /private/var/www/gesticoop/yii/framework/web/CBaseController.php(172): CBaseController->createWidget('zii.widgets.gri...', Array)
#15 /private/var/www/gesticoop/protected/views/mezzi/admin.php(71): CBaseController->widget('zii.widgets.gri...', Array)
#16 /private/var/www/gesticoop/yii/framework/web/CBaseController.php(126): require('/private/var/ww...')
#17 /private/var/www/gesticoop/yii/framework/web/CBaseController.php(95): CBaseController->renderInternal('/private/var/ww...', Array, true)
#18 /private/var/www/gesticoop/yii/framework/web/CController.php(869): CBaseController->renderFile('/private/var/ww...', Array, true)
#19 /private/var/www/gesticoop/yii/framework/web/CController.php(782): CController->renderPartial('admin', Array, true)
#20 /private/var/www/gesticoop/protected/controllers/MezziController.php(144): CController->render('admin', Array)
#21 /private/var/www/gesticoop/yii/framework/web/actions/CInlineAction.php(49): MezziController->actionIndex()
#22 /private/var/www/gesticoop/yii/framework/web/CController.php(308): CInlineAction->runWithParams(Array)
#23 /private/var/www/gesticoop/yii/framework/web/filters/CFilterChain.php(133): CController->runAction(Object(CInlineAction))
#24 /private/var/www/gesticoop/yii/framework/web/filters/CFilter.php(40): CFilterChain->run()
#25 /private/var/www/gesticoop/yii/framework/web/CController.php(1145): CFilter->filter(Object(CFilterChain))
#26 /private/var/www/gesticoop/yii/framework/web/filters/CInlineFilter.php(58): CController->filterAccessControl(Object(CFilterChain))
#27 /private/var/www/gesticoop/yii/framework/web/filters/CFilterChain.php(130): CInlineFilter->filter(Object(CFilterChain))
#28 /private/var/www/gesticoop/yii/framework/web/CController.php(291): CFilterChain->run()
#29 /private/var/www/gesticoop/yii/framework/web/CController.php(265): CController->runActionWithFilters(Object(CInlineAction), Array)
#30 /private/var/www/gesticoop/yii/framework/web/CWebApplication.php(282): CController->run('')
#31 /private/var/www/gesticoop/yii/framework/web/CWebApplication.php(141): CWebApplication->runController('mezzi')
#32 /private/var/www/gesticoop/yii/framework/base/CApplication.php(180): CWebApplication->processRequest()
#33 /private/var/www/gesticoop/index.php(13): CApplication->run()
#34 {main}
REQUEST_URI=/gesticoop/mezzi
---
2014/01/07 17:09:13 [error] [exception.CException] exception 'CException' with message 'La proprietà "Mezzi"."anagrafica" non è definita.' in /private/var/www/gesticoop/yii/framework/base/CComponent.php:130
Stack trace:
#0 /private/var/www/gesticoop/yii/framework/db/ar/CActiveRecord.php(145): CComponent->__get('anagrafica')
#1 /private/var/www/gesticoop/yii/framework/base/CComponent.php(612) : eval()'d code(1): CActiveRecord->__get('anagrafica')
#2 /private/var/www/gesticoop/yii/framework/base/CComponent.php(612): eval()
#3 /private/var/www/gesticoop/yii/framework/zii/widgets/grid/CDataColumn.php(137): CComponent->evaluateExpression('$data->anagrafi...', Array)
#4 /private/var/www/gesticoop/yii/framework/zii/widgets/grid/CGridColumn.php(151): CDataColumn->renderDataCellContent(0, Object(Mezzi))
#5 /private/var/www/gesticoop/yii/framework/zii/widgets/grid/CGridView.php(616): CGridColumn->renderDataCell(0)
#6 /private/var/www/gesticoop/yii/framework/zii/widgets/grid/CGridView.php(572): CGridView->renderTableRow(0)
#7 /private/var/www/gesticoop/yii/framework/zii/widgets/grid/CGridView.php(482): CGridView->renderTableBody()
#8 /private/var/www/gesticoop/yii/framework/zii/widgets/CBaseListView.php(167): CGridView->renderItems()
#9 [internal function]: CBaseListView->renderSection(Array)
#10 /private/var/www/gesticoop/yii/framework/zii/widgets/CBaseListView.php(150): preg_replace_callback('/{(\w+)}/', Array, '{summary}?{item...')
#11 /private/var/www/gesticoop/yii/framework/zii/widgets/CBaseListView.php(135): CBaseListView->renderContent()
#12 /private/var/www/gesticoop/yii/framework/web/CBaseController.php(173): CBaseListView->run()
#13 /private/var/www/gesticoop/protected/views/mezzi/admin.php(71): CBaseController->widget('zii.widgets.gri...', Array)
#14 /private/var/www/gesticoop/yii/framework/web/CBaseController.php(126): require('/private/var/ww...')
#15 /private/var/www/gesticoop/yii/framework/web/CBaseController.php(95): CBaseController->renderInternal('/private/var/ww...', Array, true)
#16 /private/var/www/gesticoop/yii/framework/web/CController.php(869): CBaseController->renderFile('/private/var/ww...', Array, true)
#17 /private/var/www/gesticoop/yii/framework/web/CController.php(782): CController->renderPartial('admin', Array, true)
#18 /private/var/www/gesticoop/protected/controllers/MezziController.php(144): CController->render('admin', Array)
#19 /private/var/www/gesticoop/yii/framework/web/actions/CInlineAction.php(49): MezziController->actionIndex()
#20 /private/var/www/gesticoop/yii/framework/web/CController.php(308): CInlineAction->runWithParams(Array)
#21 /private/var/www/gesticoop/yii/framework/web/filters/CFilterChain.php(133): CController->runAction(Object(CInlineAction))
#22 /private/var/www/gesticoop/yii/framework/web/filters/CFilter.php(40): CFilterChain->run()
#23 /private/var/www/gesticoop/yii/framework/web/CController.php(1145): CFilter->filter(Object(CFilterChain))
#24 /private/var/www/gesticoop/yii/framework/web/filters/CInlineFilter.php(58): CController->filterAccessControl(Object(CFilterChain))
#25 /private/var/www/gesticoop/yii/framework/web/filters/CFilterChain.php(130): CInlineFilter->filter(Object(CFilterChain))
#26 /private/var/www/gesticoop/yii/framework/web/CController.php(291): CFilterChain->run()
#27 /private/var/www/gesticoop/yii/framework/web/CController.php(265): CController->runActionWithFilters(Object(CInlineAction), Array)
#28 /private/var/www/gesticoop/yii/framework/web/CWebApplication.php(282): CController->run('')
#29 /private/var/www/gesticoop/yii/framework/web/CWebApplication.php(141): CWebApplication->runController('mezzi')
#30 /private/var/www/gesticoop/yii/framework/base/CApplication.php(180): CWebApplication->processRequest()
#31 /private/var/www/gesticoop/index.php(13): CApplication->run()
#32 {main}
REQUEST_URI=/gesticoop/mezzi
---
2014/01/07 17:47:27 [error] [exception.CException] exception 'CException' with message 'La proprietà "Parco"."immatricolazione, scadenza_assicurazione, scadenza_bollo" non è definita.' in /private/var/www/gesticoop/yii/framework/base/CComponent.php:130
Stack trace:
#0 /private/var/www/gesticoop/yii/framework/db/ar/CActiveRecord.php(145): CComponent->__get('immatricolazion...')
#1 /private/var/www/gesticoop/protected/components/myDateFormat.php(33): CActiveRecord->__get('immatricolazion...')
#2 /private/var/www/gesticoop/yii/framework/base/CComponent.php(561): myDateFormat->afterFind(Object(CEvent))
#3 /private/var/www/gesticoop/yii/framework/db/ar/CActiveRecord.php(896): CComponent->raiseEvent('onAfterFind', Object(CEvent))
#4 /private/var/www/gesticoop/yii/framework/db/ar/CActiveRecord.php(1034): CActiveRecord->onAfterFind(Object(CEvent))
#5 /private/var/www/gesticoop/yii/framework/db/ar/CActiveRecord.php(1866): CActiveRecord->afterFind()
#6 /private/var/www/gesticoop/yii/framework/db/ar/CActiveRecord.php(1887): CActiveRecord->populateRecord(Array, true)
#7 /private/var/www/gesticoop/yii/framework/db/ar/CActiveRecord.php(1351): CActiveRecord->populateRecords(Array, true, NULL)
#8 /private/var/www/gesticoop/yii/framework/db/ar/CActiveRecord.php(1470): CActiveRecord->query(Object(CDbCriteria), true)
#9 /private/var/www/gesticoop/yii/framework/web/CActiveDataProvider.php(199): CActiveRecord->findAll(Object(CDbCriteria))
#10 /private/var/www/gesticoop/yii/framework/web/CDataProvider.php(168): CActiveDataProvider->fetchData()
#11 /private/var/www/gesticoop/yii/framework/zii/widgets/CBaseListView.php(111): CDataProvider->getData()
#12 /private/var/www/gesticoop/yii/framework/zii/widgets/grid/CGridView.php(339): CBaseListView->init()
#13 /private/var/www/gesticoop/yii/framework/web/CBaseController.php(147): CGridView->init()
#14 /private/var/www/gesticoop/yii/framework/web/CBaseController.php(172): CBaseController->createWidget('zii.widgets.gri...', Array)
#15 /private/var/www/gesticoop/protected/views/parco/admin.php(53): CBaseController->widget('zii.widgets.gri...', Array)
#16 /private/var/www/gesticoop/yii/framework/web/CBaseController.php(126): require('/private/var/ww...')
#17 /private/var/www/gesticoop/yii/framework/web/CBaseController.php(95): CBaseController->renderInternal('/private/var/ww...', Array, true)
#18 /private/var/www/gesticoop/yii/framework/web/CController.php(869): CBaseController->renderFile('/private/var/ww...', Array, true)
#19 /private/var/www/gesticoop/yii/framework/web/CController.php(782): CController->renderPartial('admin', Array, true)
#20 /private/var/www/gesticoop/protected/controllers/ParcoController.php(144): CController->render('admin', Array)
#21 /private/var/www/gesticoop/yii/framework/web/actions/CInlineAction.php(49): ParcoController->actionIndex()
#22 /private/var/www/gesticoop/yii/framework/web/CController.php(308): CInlineAction->runWithParams(Array)
#23 /private/var/www/gesticoop/yii/framework/web/filters/CFilterChain.php(133): CController->runAction(Object(CInlineAction))
#24 /private/var/www/gesticoop/yii/framework/web/filters/CFilter.php(40): CFilterChain->run()
#25 /private/var/www/gesticoop/yii/framework/web/CController.php(1145): CFilter->filter(Object(CFilterChain))
#26 /private/var/www/gesticoop/yii/framework/web/filters/CInlineFilter.php(58): CController->filterAccessControl(Object(CFilterChain))
#27 /private/var/www/gesticoop/yii/framework/web/filters/CFilterChain.php(130): CInlineFilter->filter(Object(CFilterChain))
#28 /private/var/www/gesticoop/yii/framework/web/CController.php(291): CFilterChain->run()
#29 /private/var/www/gesticoop/yii/framework/web/CController.php(265): CController->runActionWithFilters(Object(CInlineAction), Array)
#30 /private/var/www/gesticoop/yii/framework/web/CWebApplication.php(282): CController->run('')
#31 /private/var/www/gesticoop/yii/framework/web/CWebApplication.php(141): CWebApplication->runController('parco')
#32 /private/var/www/gesticoop/yii/framework/base/CApplication.php(180): CWebApplication->processRequest()
#33 /private/var/www/gesticoop/index.php(13): CApplication->run()
#34 {main}
REQUEST_URI=/gesticoop/parco
HTTP_REFERER=http://localhost/gesticoop/site/index
---
2014/01/07 17:50:40 [error] [exception.CException] exception 'CException' with message 'La proprietà "Parco"."immatricolazione, scadenza_assicurazione, scadenza_bollo" non è definita.' in /private/var/www/gesticoop/yii/framework/base/CComponent.php:130
Stack trace:
#0 /private/var/www/gesticoop/yii/framework/db/ar/CActiveRecord.php(145): CComponent->__get('immatricolazion...')
#1 /private/var/www/gesticoop/protected/components/myDateFormat.php(33): CActiveRecord->__get('immatricolazion...')
#2 /private/var/www/gesticoop/yii/framework/base/CComponent.php(561): myDateFormat->afterFind(Object(CEvent))
#3 /private/var/www/gesticoop/yii/framework/db/ar/CActiveRecord.php(896): CComponent->raiseEvent('onAfterFind', Object(CEvent))
#4 /private/var/www/gesticoop/yii/framework/db/ar/CActiveRecord.php(1034): CActiveRecord->onAfterFind(Object(CEvent))
#5 /private/var/www/gesticoop/yii/framework/db/ar/CActiveRecord.php(1866): CActiveRecord->afterFind()
#6 /private/var/www/gesticoop/yii/framework/db/ar/CActiveRecord.php(1887): CActiveRecord->populateRecord(Array, true)
#7 /private/var/www/gesticoop/yii/framework/db/ar/CActiveRecord.php(1351): CActiveRecord->populateRecords(Array, true, NULL)
#8 /private/var/www/gesticoop/yii/framework/db/ar/CActiveRecord.php(1470): CActiveRecord->query(Object(CDbCriteria), true)
#9 /private/var/www/gesticoop/yii/framework/web/CActiveDataProvider.php(199): CActiveRecord->findAll(Object(CDbCriteria))
#10 /private/var/www/gesticoop/yii/framework/web/CDataProvider.php(168): CActiveDataProvider->fetchData()
#11 /private/var/www/gesticoop/yii/framework/zii/widgets/CBaseListView.php(111): CDataProvider->getData()
#12 /private/var/www/gesticoop/yii/framework/zii/widgets/grid/CGridView.php(339): CBaseListView->init()
#13 /private/var/www/gesticoop/yii/framework/web/CBaseController.php(147): CGridView->init()
#14 /private/var/www/gesticoop/yii/framework/web/CBaseController.php(172): CBaseController->createWidget('zii.widgets.gri...', Array)
#15 /private/var/www/gesticoop/protected/views/parco/admin.php(53): CBaseController->widget('zii.widgets.gri...', Array)
#16 /private/var/www/gesticoop/yii/framework/web/CBaseController.php(126): require('/private/var/ww...')
#17 /private/var/www/gesticoop/yii/framework/web/CBaseController.php(95): CBaseController->renderInternal('/private/var/ww...', Array, true)
#18 /private/var/www/gesticoop/yii/framework/web/CController.php(869): CBaseController->renderFile('/private/var/ww...', Array, true)
#19 /private/var/www/gesticoop/yii/framework/web/CController.php(782): CController->renderPartial('admin', Array, true)
#20 /private/var/www/gesticoop/protected/controllers/ParcoController.php(144): CController->render('admin', Array)
#21 /private/var/www/gesticoop/yii/framework/web/actions/CInlineAction.php(49): ParcoController->actionIndex()
#22 /private/var/www/gesticoop/yii/framework/web/CController.php(308): CInlineAction->runWithParams(Array)
#23 /private/var/www/gesticoop/yii/framework/web/filters/CFilterChain.php(133): CController->runAction(Object(CInlineAction))
#24 /private/var/www/gesticoop/yii/framework/web/filters/CFilter.php(40): CFilterChain->run()
#25 /private/var/www/gesticoop/yii/framework/web/CController.php(1145): CFilter->filter(Object(CFilterChain))
#26 /private/var/www/gesticoop/yii/framework/web/filters/CInlineFilter.php(58): CController->filterAccessControl(Object(CFilterChain))
#27 /private/var/www/gesticoop/yii/framework/web/filters/CFilterChain.php(130): CInlineFilter->filter(Object(CFilterChain))
#28 /private/var/www/gesticoop/yii/framework/web/CController.php(291): CFilterChain->run()
#29 /private/var/www/gesticoop/yii/framework/web/CController.php(265): CController->runActionWithFilters(Object(CInlineAction), Array)
#30 /private/var/www/gesticoop/yii/framework/web/CWebApplication.php(282): CController->run('')
#31 /private/var/www/gesticoop/yii/framework/web/CWebApplication.php(141): CWebApplication->runController('parco')
#32 /private/var/www/gesticoop/yii/framework/base/CApplication.php(180): CWebApplication->processRequest()
#33 /private/var/www/gesticoop/index.php(13): CApplication->run()
#34 {main}
REQUEST_URI=/gesticoop/parco
HTTP_REFERER=http://localhost/gesticoop/site/index
---
2014/01/07 17:50:47 [error] [exception.CException] exception 'CException' with message 'La proprietà "Mezzi"."immatricolazione, scadenza_assicurazione, scadenza_bollo" non è definita.' in /private/var/www/gesticoop/yii/framework/base/CComponent.php:130
Stack trace:
#0 /private/var/www/gesticoop/yii/framework/db/ar/CActiveRecord.php(145): CComponent->__get('immatricolazion...')
#1 /private/var/www/gesticoop/protected/components/myDateFormat.php(33): CActiveRecord->__get('immatricolazion...')
#2 /private/var/www/gesticoop/yii/framework/base/CComponent.php(561): myDateFormat->afterFind(Object(CEvent))
#3 /private/var/www/gesticoop/yii/framework/db/ar/CActiveRecord.php(896): CComponent->raiseEvent('onAfterFind', Object(CEvent))
#4 /private/var/www/gesticoop/yii/framework/db/ar/CActiveRecord.php(1034): CActiveRecord->onAfterFind(Object(CEvent))
#5 /private/var/www/gesticoop/yii/framework/db/ar/CActiveRecord.php(1866): CActiveRecord->afterFind()
#6 /private/var/www/gesticoop/yii/framework/db/ar/CActiveRecord.php(1887): CActiveRecord->populateRecord(Array, true)
#7 /private/var/www/gesticoop/yii/framework/db/ar/CActiveRecord.php(1351): CActiveRecord->populateRecords(Array, true, NULL)
#8 /private/var/www/gesticoop/yii/framework/db/ar/CActiveRecord.php(1470): CActiveRecord->query(Object(CDbCriteria), true)
#9 /private/var/www/gesticoop/yii/framework/web/CActiveDataProvider.php(199): CActiveRecord->findAll(Object(CDbCriteria))
#10 /private/var/www/gesticoop/yii/framework/web/CDataProvider.php(168): CActiveDataProvider->fetchData()
#11 /private/var/www/gesticoop/yii/framework/zii/widgets/CBaseListView.php(111): CDataProvider->getData()
#12 /private/var/www/gesticoop/yii/framework/zii/widgets/grid/CGridView.php(339): CBaseListView->init()
#13 /private/var/www/gesticoop/yii/framework/web/CBaseController.php(147): CGridView->init()
#14 /private/var/www/gesticoop/yii/framework/web/CBaseController.php(172): CBaseController->createWidget('zii.widgets.gri...', Array)
#15 /private/var/www/gesticoop/protected/views/mezzi/admin.php(71): CBaseController->widget('zii.widgets.gri...', Array)
#16 /private/var/www/gesticoop/yii/framework/web/CBaseController.php(126): require('/private/var/ww...')
#17 /private/var/www/gesticoop/yii/framework/web/CBaseController.php(95): CBaseController->renderInternal('/private/var/ww...', Array, true)
#18 /private/var/www/gesticoop/yii/framework/web/CController.php(869): CBaseController->renderFile('/private/var/ww...', Array, true)
#19 /private/var/www/gesticoop/yii/framework/web/CController.php(782): CController->renderPartial('admin', Array, true)
#20 /private/var/www/gesticoop/protected/controllers/MezziController.php(144): CController->render('admin', Array)
#21 /private/var/www/gesticoop/yii/framework/web/actions/CInlineAction.php(49): MezziController->actionIndex()
#22 /private/var/www/gesticoop/yii/framework/web/CController.php(308): CInlineAction->runWithParams(Array)
#23 /private/var/www/gesticoop/yii/framework/web/filters/CFilterChain.php(133): CController->runAction(Object(CInlineAction))
#24 /private/var/www/gesticoop/yii/framework/web/filters/CFilter.php(40): CFilterChain->run()
#25 /private/var/www/gesticoop/yii/framework/web/CController.php(1145): CFilter->filter(Object(CFilterChain))
#26 /private/var/www/gesticoop/yii/framework/web/filters/CInlineFilter.php(58): CController->filterAccessControl(Object(CFilterChain))
#27 /private/var/www/gesticoop/yii/framework/web/filters/CFilterChain.php(130): CInlineFilter->filter(Object(CFilterChain))
#28 /private/var/www/gesticoop/yii/framework/web/CController.php(291): CFilterChain->run()
#29 /private/var/www/gesticoop/yii/framework/web/CController.php(265): CController->runActionWithFilters(Object(CInlineAction), Array)
#30 /private/var/www/gesticoop/yii/framework/web/CWebApplication.php(282): CController->run('')
#31 /private/var/www/gesticoop/yii/framework/web/CWebApplication.php(141): CWebApplication->runController('mezzi')
#32 /private/var/www/gesticoop/yii/framework/base/CApplication.php(180): CWebApplication->processRequest()
#33 /private/var/www/gesticoop/index.php(13): CApplication->run()
#34 {main}
REQUEST_URI=/gesticoop/mezzi
---
2014/01/07 17:52:08 [error] [php] Trying to get property of non-object (/private/var/www/gesticoop/yii/framework/base/CComponent.php(612) : eval()'d code:1)
Stack trace:
#0 /private/var/www/gesticoop/yii/framework/zii/widgets/grid/CGridColumn.php(151): CDataColumn->renderDataCellContent()
#1 /private/var/www/gesticoop/yii/framework/zii/widgets/grid/CGridView.php(616): CDataColumn->renderDataCell()
#2 /private/var/www/gesticoop/yii/framework/zii/widgets/grid/CGridView.php(572): CGridView->renderTableRow()
#3 /private/var/www/gesticoop/yii/framework/zii/widgets/grid/CGridView.php(482): CGridView->renderTableBody()
#4 /private/var/www/gesticoop/yii/framework/zii/widgets/CBaseListView.php(167): CGridView->renderItems()
#5 unknown(0): CGridView->renderSection()
#6 /private/var/www/gesticoop/yii/framework/zii/widgets/CBaseListView.php(150): preg_replace_callback()
#7 /private/var/www/gesticoop/yii/framework/zii/widgets/CBaseListView.php(135): CGridView->renderContent()
#8 /private/var/www/gesticoop/yii/framework/web/CBaseController.php(173): CGridView->run()
#9 /private/var/www/gesticoop/protected/views/mezzi/admin.php(71): MezziController->widget()
#10 /private/var/www/gesticoop/yii/framework/web/CBaseController.php(126): require()
#11 /private/var/www/gesticoop/yii/framework/web/CBaseController.php(95): MezziController->renderInternal()
#12 /private/var/www/gesticoop/yii/framework/web/CController.php(869): MezziController->renderFile()
#13 /private/var/www/gesticoop/yii/framework/web/CController.php(782): MezziController->renderPartial()
#14 /private/var/www/gesticoop/protected/controllers/MezziController.php(144): MezziController->render()
#15 /private/var/www/gesticoop/yii/framework/web/actions/CInlineAction.php(49): MezziController->actionIndex()
#16 /private/var/www/gesticoop/yii/framework/web/CController.php(308): CInlineAction->runWithParams()
#17 /private/var/www/gesticoop/yii/framework/web/filters/CFilterChain.php(133): MezziController->runAction()
#18 /private/var/www/gesticoop/yii/framework/web/filters/CFilter.php(40): CFilterChain->run()
#19 /private/var/www/gesticoop/yii/framework/web/CController.php(1145): CAccessControlFilter->filter()
#20 /private/var/www/gesticoop/yii/framework/web/filters/CInlineFilter.php(58): MezziController->filterAccessControl()
#21 /private/var/www/gesticoop/yii/framework/web/filters/CFilterChain.php(130): CInlineFilter->filter()
#22 /private/var/www/gesticoop/yii/framework/web/CController.php(291): CFilterChain->run()
#23 /private/var/www/gesticoop/yii/framework/web/CController.php(265): MezziController->runActionWithFilters()
#24 /private/var/www/gesticoop/yii/framework/web/CWebApplication.php(282): MezziController->run()
#25 /private/var/www/gesticoop/yii/framework/web/CWebApplication.php(141): CWebApplication->runController()
#26 /private/var/www/gesticoop/yii/framework/base/CApplication.php(180): CWebApplication->processRequest()
#27 /private/var/www/gesticoop/index.php(13): CWebApplication->run()
REQUEST_URI=/gesticoop/mezzi
in /private/var/www/gesticoop/protected/views/mezzi/admin.php (71)
in /private/var/www/gesticoop/protected/controllers/MezziController.php (144)
in /private/var/www/gesticoop/index.php (13)
2014/01/07 17:52:31 [error] [php] Trying to get property of non-object (/private/var/www/gesticoop/yii/framework/base/CComponent.php(612) : eval()'d code:1)
Stack trace:
#0 /private/var/www/gesticoop/yii/framework/zii/widgets/grid/CGridColumn.php(151): CDataColumn->renderDataCellContent()
#1 /private/var/www/gesticoop/yii/framework/zii/widgets/grid/CGridView.php(616): CDataColumn->renderDataCell()
#2 /private/var/www/gesticoop/yii/framework/zii/widgets/grid/CGridView.php(572): CGridView->renderTableRow()
#3 /private/var/www/gesticoop/yii/framework/zii/widgets/grid/CGridView.php(482): CGridView->renderTableBody()
#4 /private/var/www/gesticoop/yii/framework/zii/widgets/CBaseListView.php(167): CGridView->renderItems()
#5 unknown(0): CGridView->renderSection()
#6 /private/var/www/gesticoop/yii/framework/zii/widgets/CBaseListView.php(150): preg_replace_callback()
#7 /private/var/www/gesticoop/yii/framework/zii/widgets/CBaseListView.php(135): CGridView->renderContent()
#8 /private/var/www/gesticoop/yii/framework/web/CBaseController.php(173): CGridView->run()
#9 /private/var/www/gesticoop/protected/views/mezzi/admin.php(71): MezziController->widget()
#10 /private/var/www/gesticoop/yii/framework/web/CBaseController.php(126): require()
#11 /private/var/www/gesticoop/yii/framework/web/CBaseController.php(95): MezziController->renderInternal()
#12 /private/var/www/gesticoop/yii/framework/web/CController.php(869): MezziController->renderFile()
#13 /private/var/www/gesticoop/yii/framework/web/CController.php(782): MezziController->renderPartial()
#14 /private/var/www/gesticoop/protected/controllers/MezziController.php(144): MezziController->render()
#15 /private/var/www/gesticoop/yii/framework/web/actions/CInlineAction.php(49): MezziController->actionIndex()
#16 /private/var/www/gesticoop/yii/framework/web/CController.php(308): CInlineAction->runWithParams()
#17 /private/var/www/gesticoop/yii/framework/web/filters/CFilterChain.php(133): MezziController->runAction()
#18 /private/var/www/gesticoop/yii/framework/web/filters/CFilter.php(40): CFilterChain->run()
#19 /private/var/www/gesticoop/yii/framework/web/CController.php(1145): CAccessControlFilter->filter()
#20 /private/var/www/gesticoop/yii/framework/web/filters/CInlineFilter.php(58): MezziController->filterAccessControl()
#21 /private/var/www/gesticoop/yii/framework/web/filters/CFilterChain.php(130): CInlineFilter->filter()
#22 /private/var/www/gesticoop/yii/framework/web/CController.php(291): CFilterChain->run()
#23 /private/var/www/gesticoop/yii/framework/web/CController.php(265): MezziController->runActionWithFilters()
#24 /private/var/www/gesticoop/yii/framework/web/CWebApplication.php(282): MezziController->run()
#25 /private/var/www/gesticoop/yii/framework/web/CWebApplication.php(141): CWebApplication->runController()
#26 /private/var/www/gesticoop/yii/framework/base/CApplication.php(180): CWebApplication->processRequest()
#27 /private/var/www/gesticoop/index.php(13): CWebApplication->run()
REQUEST_URI=/gesticoop/mezzi
in /private/var/www/gesticoop/protected/views/mezzi/admin.php (71)
in /private/var/www/gesticoop/protected/controllers/MezziController.php (144)
in /private/var/www/gesticoop/index.php (13)
2014/01/07 17:54:04 [error] [php] Trying to get property of non-object (/private/var/www/gesticoop/yii/framework/base/CComponent.php(612) : eval()'d code:1)
Stack trace:
#0 /private/var/www/gesticoop/yii/framework/zii/widgets/grid/CGridColumn.php(151): CDataColumn->renderDataCellContent()
#1 /private/var/www/gesticoop/yii/framework/zii/widgets/grid/CGridView.php(616): CDataColumn->renderDataCell()
#2 /private/var/www/gesticoop/yii/framework/zii/widgets/grid/CGridView.php(572): CGridView->renderTableRow()
#3 /private/var/www/gesticoop/yii/framework/zii/widgets/grid/CGridView.php(482): CGridView->renderTableBody()
#4 /private/var/www/gesticoop/yii/framework/zii/widgets/CBaseListView.php(167): CGridView->renderItems()
#5 unknown(0): CGridView->renderSection()
#6 /private/var/www/gesticoop/yii/framework/zii/widgets/CBaseListView.php(150): preg_replace_callback()
#7 /private/var/www/gesticoop/yii/framework/zii/widgets/CBaseListView.php(135): CGridView->renderContent()
#8 /private/var/www/gesticoop/yii/framework/web/CBaseController.php(173): CGridView->run()
#9 /private/var/www/gesticoop/protected/views/mezzi/admin.php(71): MezziController->widget()
#10 /private/var/www/gesticoop/yii/framework/web/CBaseController.php(126): require()
#11 /private/var/www/gesticoop/yii/framework/web/CBaseController.php(95): MezziController->renderInternal()
#12 /private/var/www/gesticoop/yii/framework/web/CController.php(869): MezziController->renderFile()
#13 /private/var/www/gesticoop/yii/framework/web/CController.php(782): MezziController->renderPartial()
#14 /private/var/www/gesticoop/protected/controllers/MezziController.php(144): MezziController->render()
#15 /private/var/www/gesticoop/yii/framework/web/actions/CInlineAction.php(49): MezziController->actionIndex()
#16 /private/var/www/gesticoop/yii/framework/web/CController.php(308): CInlineAction->runWithParams()
#17 /private/var/www/gesticoop/yii/framework/web/filters/CFilterChain.php(133): MezziController->runAction()
#18 /private/var/www/gesticoop/yii/framework/web/filters/CFilter.php(40): CFilterChain->run()
#19 /private/var/www/gesticoop/yii/framework/web/CController.php(1145): CAccessControlFilter->filter()
#20 /private/var/www/gesticoop/yii/framework/web/filters/CInlineFilter.php(58): MezziController->filterAccessControl()
#21 /private/var/www/gesticoop/yii/framework/web/filters/CFilterChain.php(130): CInlineFilter->filter()
#22 /private/var/www/gesticoop/yii/framework/web/CController.php(291): CFilterChain->run()
#23 /private/var/www/gesticoop/yii/framework/web/CController.php(265): MezziController->runActionWithFilters()
#24 /private/var/www/gesticoop/yii/framework/web/CWebApplication.php(282): MezziController->run()
#25 /private/var/www/gesticoop/yii/framework/web/CWebApplication.php(141): CWebApplication->runController()
#26 /private/var/www/gesticoop/yii/framework/base/CApplication.php(180): CWebApplication->processRequest()
#27 /private/var/www/gesticoop/index.php(13): CWebApplication->run()
REQUEST_URI=/gesticoop/mezzi
in /private/var/www/gesticoop/protected/views/mezzi/admin.php (71)
in /private/var/www/gesticoop/protected/controllers/MezziController.php (144)
in /private/var/www/gesticoop/index.php (13)
2014/01/07 17:56:48 [error] [exception.CException] exception 'CException' with message 'La proprietà "Mezzi"."anagrafica" non è definita.' in /private/var/www/gesticoop/yii/framework/base/CComponent.php:130
Stack trace:
#0 /private/var/www/gesticoop/yii/framework/db/ar/CActiveRecord.php(145): CComponent->__get('anagrafica')
#1 /private/var/www/gesticoop/yii/framework/base/CComponent.php(612) : eval()'d code(1): CActiveRecord->__get('anagrafica')
#2 /private/var/www/gesticoop/yii/framework/base/CComponent.php(612): eval()
#3 /private/var/www/gesticoop/yii/framework/zii/widgets/grid/CDataColumn.php(137): CComponent->evaluateExpression('$data->anagrafi...', Array)
#4 /private/var/www/gesticoop/yii/framework/zii/widgets/grid/CGridColumn.php(151): CDataColumn->renderDataCellContent(0, Object(Mezzi))
#5 /private/var/www/gesticoop/yii/framework/zii/widgets/grid/CGridView.php(616): CGridColumn->renderDataCell(0)
#6 /private/var/www/gesticoop/yii/framework/zii/widgets/grid/CGridView.php(572): CGridView->renderTableRow(0)
#7 /private/var/www/gesticoop/yii/framework/zii/widgets/grid/CGridView.php(482): CGridView->renderTableBody()
#8 /private/var/www/gesticoop/yii/framework/zii/widgets/CBaseListView.php(167): CGridView->renderItems()
#9 [internal function]: CBaseListView->renderSection(Array)
#10 /private/var/www/gesticoop/yii/framework/zii/widgets/CBaseListView.php(150): preg_replace_callback('/{(\w+)}/', Array, '{summary}?{item...')
#11 /private/var/www/gesticoop/yii/framework/zii/widgets/CBaseListView.php(135): CBaseListView->renderContent()
#12 /private/var/www/gesticoop/yii/framework/web/CBaseController.php(173): CBaseListView->run()
#13 /private/var/www/gesticoop/protected/views/mezzi/admin.php(71): CBaseController->widget('zii.widgets.gri...', Array)
#14 /private/var/www/gesticoop/yii/framework/web/CBaseController.php(126): require('/private/var/ww...')
#15 /private/var/www/gesticoop/yii/framework/web/CBaseController.php(95): CBaseController->renderInternal('/private/var/ww...', Array, true)
#16 /private/var/www/gesticoop/yii/framework/web/CController.php(869): CBaseController->renderFile('/private/var/ww...', Array, true)
#17 /private/var/www/gesticoop/yii/framework/web/CController.php(782): CController->renderPartial('admin', Array, true)
#18 /private/var/www/gesticoop/protected/controllers/MezziController.php(144): CController->render('admin', Array)
#19 /private/var/www/gesticoop/yii/framework/web/actions/CInlineAction.php(49): MezziController->actionIndex()
#20 /private/var/www/gesticoop/yii/framework/web/CController.php(308): CInlineAction->runWithParams(Array)
#21 /private/var/www/gesticoop/yii/framework/web/filters/CFilterChain.php(133): CController->runAction(Object(CInlineAction))
#22 /private/var/www/gesticoop/yii/framework/web/filters/CFilter.php(40): CFilterChain->run()
#23 /private/var/www/gesticoop/yii/framework/web/CController.php(1145): CFilter->filter(Object(CFilterChain))
#24 /private/var/www/gesticoop/yii/framework/web/filters/CInlineFilter.php(58): CController->filterAccessControl(Object(CFilterChain))
#25 /private/var/www/gesticoop/yii/framework/web/filters/CFilterChain.php(130): CInlineFilter->filter(Object(CFilterChain))
#26 /private/var/www/gesticoop/yii/framework/web/CController.php(291): CFilterChain->run()
#27 /private/var/www/gesticoop/yii/framework/web/CController.php(265): CController->runActionWithFilters(Object(CInlineAction), Array)
#28 /private/var/www/gesticoop/yii/framework/web/CWebApplication.php(282): CController->run('')
#29 /private/var/www/gesticoop/yii/framework/web/CWebApplication.php(141): CWebApplication->runController('mezzi')
#30 /private/var/www/gesticoop/yii/framework/base/CApplication.php(180): CWebApplication->processRequest()
#31 /private/var/www/gesticoop/index.php(13): CApplication->run()
#32 {main}
REQUEST_URI=/gesticoop/mezzi
---
2014/01/07 17:57:19 [error] [php] Trying to get property of non-object (/private/var/www/gesticoop/yii/framework/base/CComponent.php(612) : eval()'d code:1)
Stack trace:
#0 /private/var/www/gesticoop/yii/framework/zii/widgets/grid/CGridColumn.php(151): CDataColumn->renderDataCellContent()
#1 /private/var/www/gesticoop/yii/framework/zii/widgets/grid/CGridView.php(616): CDataColumn->renderDataCell()
#2 /private/var/www/gesticoop/yii/framework/zii/widgets/grid/CGridView.php(572): CGridView->renderTableRow()
#3 /private/var/www/gesticoop/yii/framework/zii/widgets/grid/CGridView.php(482): CGridView->renderTableBody()
#4 /private/var/www/gesticoop/yii/framework/zii/widgets/CBaseListView.php(167): CGridView->renderItems()
#5 unknown(0): CGridView->renderSection()
#6 /private/var/www/gesticoop/yii/framework/zii/widgets/CBaseListView.php(150): preg_replace_callback()
#7 /private/var/www/gesticoop/yii/framework/zii/widgets/CBaseListView.php(135): CGridView->renderContent()
#8 /private/var/www/gesticoop/yii/framework/web/CBaseController.php(173): CGridView->run()
#9 /private/var/www/gesticoop/protected/views/mezzi/admin.php(71): MezziController->widget()
#10 /private/var/www/gesticoop/yii/framework/web/CBaseController.php(126): require()
#11 /private/var/www/gesticoop/yii/framework/web/CBaseController.php(95): MezziController->renderInternal()
#12 /private/var/www/gesticoop/yii/framework/web/CController.php(869): MezziController->renderFile()
#13 /private/var/www/gesticoop/yii/framework/web/CController.php(782): MezziController->renderPartial()
#14 /private/var/www/gesticoop/protected/controllers/MezziController.php(144): MezziController->render()
#15 /private/var/www/gesticoop/yii/framework/web/actions/CInlineAction.php(49): MezziController->actionIndex()
#16 /private/var/www/gesticoop/yii/framework/web/CController.php(308): CInlineAction->runWithParams()
#17 /private/var/www/gesticoop/yii/framework/web/filters/CFilterChain.php(133): MezziController->runAction()
#18 /private/var/www/gesticoop/yii/framework/web/filters/CFilter.php(40): CFilterChain->run()
#19 /private/var/www/gesticoop/yii/framework/web/CController.php(1145): CAccessControlFilter->filter()
#20 /private/var/www/gesticoop/yii/framework/web/filters/CInlineFilter.php(58): MezziController->filterAccessControl()
#21 /private/var/www/gesticoop/yii/framework/web/filters/CFilterChain.php(130): CInlineFilter->filter()
#22 /private/var/www/gesticoop/yii/framework/web/CController.php(291): CFilterChain->run()
#23 /private/var/www/gesticoop/yii/framework/web/CController.php(265): MezziController->runActionWithFilters()
#24 /private/var/www/gesticoop/yii/framework/web/CWebApplication.php(282): MezziController->run()
#25 /private/var/www/gesticoop/yii/framework/web/CWebApplication.php(141): CWebApplication->runController()
#26 /private/var/www/gesticoop/yii/framework/base/CApplication.php(180): CWebApplication->processRequest()
#27 /private/var/www/gesticoop/index.php(13): CWebApplication->run()
REQUEST_URI=/gesticoop/mezzi
in /private/var/www/gesticoop/protected/views/mezzi/admin.php (71)
in /private/var/www/gesticoop/protected/controllers/MezziController.php (144)
in /private/var/www/gesticoop/index.php (13)
2014/01/07 17:59:11 [error] [exception.CException] exception 'CException' with message 'La proprietà "Mezzi"."anagrafica" non è definita.' in /private/var/www/gesticoop/yii/framework/base/CComponent.php:130
Stack trace:
#0 /private/var/www/gesticoop/yii/framework/db/ar/CActiveRecord.php(145): CComponent->__get('anagrafica')
#1 /private/var/www/gesticoop/yii/framework/base/CComponent.php(612) : eval()'d code(1): CActiveRecord->__get('anagrafica')
#2 /private/var/www/gesticoop/yii/framework/base/CComponent.php(612): eval()
#3 /private/var/www/gesticoop/yii/framework/zii/widgets/grid/CDataColumn.php(137): CComponent->evaluateExpression('$data->anagrafi...', Array)
#4 /private/var/www/gesticoop/yii/framework/zii/widgets/grid/CGridColumn.php(151): CDataColumn->renderDataCellContent(0, Object(Mezzi))
#5 /private/var/www/gesticoop/yii/framework/zii/widgets/grid/CGridView.php(616): CGridColumn->renderDataCell(0)
#6 /private/var/www/gesticoop/yii/framework/zii/widgets/grid/CGridView.php(572): CGridView->renderTableRow(0)
#7 /private/var/www/gesticoop/yii/framework/zii/widgets/grid/CGridView.php(482): CGridView->renderTableBody()
#8 /private/var/www/gesticoop/yii/framework/zii/widgets/CBaseListView.php(167): CGridView->renderItems()
#9 [internal function]: CBaseListView->renderSection(Array)
#10 /private/var/www/gesticoop/yii/framework/zii/widgets/CBaseListView.php(150): preg_replace_callback('/{(\w+)}/', Array, '{summary}?{item...')
#11 /private/var/www/gesticoop/yii/framework/zii/widgets/CBaseListView.php(135): CBaseListView->renderContent()
#12 /private/var/www/gesticoop/yii/framework/web/CBaseController.php(173): CBaseListView->run()
#13 /private/var/www/gesticoop/protected/views/mezzi/admin.php(71): CBaseController->widget('zii.widgets.gri...', Array)
#14 /private/var/www/gesticoop/yii/framework/web/CBaseController.php(126): require('/private/var/ww...')
#15 /private/var/www/gesticoop/yii/framework/web/CBaseController.php(95): CBaseController->renderInternal('/private/var/ww...', Array, true)
#16 /private/var/www/gesticoop/yii/framework/web/CController.php(869): CBaseController->renderFile('/private/var/ww...', Array, true)
#17 /private/var/www/gesticoop/yii/framework/web/CController.php(782): CController->renderPartial('admin', Array, true)
#18 /private/var/www/gesticoop/protected/controllers/MezziController.php(144): CController->render('admin', Array)
#19 /private/var/www/gesticoop/yii/framework/web/actions/CInlineAction.php(49): MezziController->actionIndex()
#20 /private/var/www/gesticoop/yii/framework/web/CController.php(308): CInlineAction->runWithParams(Array)
#21 /private/var/www/gesticoop/yii/framework/web/filters/CFilterChain.php(133): CController->runAction(Object(CInlineAction))
#22 /private/var/www/gesticoop/yii/framework/web/filters/CFilter.php(40): CFilterChain->run()
#23 /private/var/www/gesticoop/yii/framework/web/CController.php(1145): CFilter->filter(Object(CFilterChain))
#24 /private/var/www/gesticoop/yii/framework/web/filters/CInlineFilter.php(58): CController->filterAccessControl(Object(CFilterChain))
#25 /private/var/www/gesticoop/yii/framework/web/filters/CFilterChain.php(130): CInlineFilter->filter(Object(CFilterChain))
#26 /private/var/www/gesticoop/yii/framework/web/CController.php(291): CFilterChain->run()
#27 /private/var/www/gesticoop/yii/framework/web/CController.php(265): CController->runActionWithFilters(Object(CInlineAction), Array)
#28 /private/var/www/gesticoop/yii/framework/web/CWebApplication.php(282): CController->run('')
#29 /private/var/www/gesticoop/yii/framework/web/CWebApplication.php(141): CWebApplication->runController('mezzi')
#30 /private/var/www/gesticoop/yii/framework/base/CApplication.php(180): CWebApplication->processRequest()
#31 /private/var/www/gesticoop/index.php(13): CApplication->run()
#32 {main}
REQUEST_URI=/gesticoop/mezzi
---
2014/01/07 17:59:58 [error] [php] Trying to get property of non-object (/private/var/www/gesticoop/yii/framework/base/CComponent.php(612) : eval()'d code:1)
Stack trace:
#0 /private/var/www/gesticoop/yii/framework/zii/widgets/grid/CGridColumn.php(151): CDataColumn->renderDataCellContent()
#1 /private/var/www/gesticoop/yii/framework/zii/widgets/grid/CGridView.php(616): CDataColumn->renderDataCell()
#2 /private/var/www/gesticoop/yii/framework/zii/widgets/grid/CGridView.php(572): CGridView->renderTableRow()
#3 /private/var/www/gesticoop/yii/framework/zii/widgets/grid/CGridView.php(482): CGridView->renderTableBody()
#4 /private/var/www/gesticoop/yii/framework/zii/widgets/CBaseListView.php(167): CGridView->renderItems()
#5 unknown(0): CGridView->renderSection()
#6 /private/var/www/gesticoop/yii/framework/zii/widgets/CBaseListView.php(150): preg_replace_callback()
#7 /private/var/www/gesticoop/yii/framework/zii/widgets/CBaseListView.php(135): CGridView->renderContent()
#8 /private/var/www/gesticoop/yii/framework/web/CBaseController.php(173): CGridView->run()
#9 /private/var/www/gesticoop/protected/views/mezzi/admin.php(71): MezziController->widget()
#10 /private/var/www/gesticoop/yii/framework/web/CBaseController.php(126): require()
#11 /private/var/www/gesticoop/yii/framework/web/CBaseController.php(95): MezziController->renderInternal()
#12 /private/var/www/gesticoop/yii/framework/web/CController.php(869): MezziController->renderFile()
#13 /private/var/www/gesticoop/yii/framework/web/CController.php(782): MezziController->renderPartial()
#14 /private/var/www/gesticoop/protected/controllers/MezziController.php(144): MezziController->render()
#15 /private/var/www/gesticoop/yii/framework/web/actions/CInlineAction.php(49): MezziController->actionIndex()
#16 /private/var/www/gesticoop/yii/framework/web/CController.php(308): CInlineAction->runWithParams()
#17 /private/var/www/gesticoop/yii/framework/web/filters/CFilterChain.php(133): MezziController->runAction()
#18 /private/var/www/gesticoop/yii/framework/web/filters/CFilter.php(40): CFilterChain->run()
#19 /private/var/www/gesticoop/yii/framework/web/CController.php(1145): CAccessControlFilter->filter()
#20 /private/var/www/gesticoop/yii/framework/web/filters/CInlineFilter.php(58): MezziController->filterAccessControl()
#21 /private/var/www/gesticoop/yii/framework/web/filters/CFilterChain.php(130): CInlineFilter->filter()
#22 /private/var/www/gesticoop/yii/framework/web/CController.php(291): CFilterChain->run()
#23 /private/var/www/gesticoop/yii/framework/web/CController.php(265): MezziController->runActionWithFilters()
#24 /private/var/www/gesticoop/yii/framework/web/CWebApplication.php(282): MezziController->run()
#25 /private/var/www/gesticoop/yii/framework/web/CWebApplication.php(141): CWebApplication->runController()
#26 /private/var/www/gesticoop/yii/framework/base/CApplication.php(180): CWebApplication->processRequest()
#27 /private/var/www/gesticoop/index.php(13): CWebApplication->run()
REQUEST_URI=/gesticoop/mezzi
in /private/var/www/gesticoop/protected/views/mezzi/admin.php (71)
in /private/var/www/gesticoop/protected/controllers/MezziController.php (144)
in /private/var/www/gesticoop/index.php (13)
2014/01/07 18:02:08 [error] [php] Trying to get property of non-object (/private/var/www/gesticoop/yii/framework/base/CComponent.php(612) : eval()'d code:1)
Stack trace:
#0 /private/var/www/gesticoop/yii/framework/zii/widgets/grid/CGridColumn.php(151): CDataColumn->renderDataCellContent()
#1 /private/var/www/gesticoop/yii/framework/zii/widgets/grid/CGridView.php(616): CDataColumn->renderDataCell()
#2 /private/var/www/gesticoop/yii/framework/zii/widgets/grid/CGridView.php(572): CGridView->renderTableRow()
#3 /private/var/www/gesticoop/yii/framework/zii/widgets/grid/CGridView.php(482): CGridView->renderTableBody()
#4 /private/var/www/gesticoop/yii/framework/zii/widgets/CBaseListView.php(167): CGridView->renderItems()
#5 unknown(0): CGridView->renderSection()
#6 /private/var/www/gesticoop/yii/framework/zii/widgets/CBaseListView.php(150): preg_replace_callback()
#7 /private/var/www/gesticoop/yii/framework/zii/widgets/CBaseListView.php(135): CGridView->renderContent()
#8 /private/var/www/gesticoop/yii/framework/web/CBaseController.php(173): CGridView->run()
#9 /private/var/www/gesticoop/protected/views/mezzi/admin.php(71): MezziController->widget()
#10 /private/var/www/gesticoop/yii/framework/web/CBaseController.php(126): require()
#11 /private/var/www/gesticoop/yii/framework/web/CBaseController.php(95): MezziController->renderInternal()
#12 /private/var/www/gesticoop/yii/framework/web/CController.php(869): MezziController->renderFile()
#13 /private/var/www/gesticoop/yii/framework/web/CController.php(782): MezziController->renderPartial()
#14 /private/var/www/gesticoop/protected/controllers/MezziController.php(144): MezziController->render()
#15 /private/var/www/gesticoop/yii/framework/web/actions/CInlineAction.php(49): MezziController->actionIndex()
#16 /private/var/www/gesticoop/yii/framework/web/CController.php(308): CInlineAction->runWithParams()
#17 /private/var/www/gesticoop/yii/framework/web/filters/CFilterChain.php(133): MezziController->runAction()
#18 /private/var/www/gesticoop/yii/framework/web/filters/CFilter.php(40): CFilterChain->run()
#19 /private/var/www/gesticoop/yii/framework/web/CController.php(1145): CAccessControlFilter->filter()
#20 /private/var/www/gesticoop/yii/framework/web/filters/CInlineFilter.php(58): MezziController->filterAccessControl()
#21 /private/var/www/gesticoop/yii/framework/web/filters/CFilterChain.php(130): CInlineFilter->filter()
#22 /private/var/www/gesticoop/yii/framework/web/CController.php(291): CFilterChain->run()
#23 /private/var/www/gesticoop/yii/framework/web/CController.php(265): MezziController->runActionWithFilters()
#24 /private/var/www/gesticoop/yii/framework/web/CWebApplication.php(282): MezziController->run()
#25 /private/var/www/gesticoop/yii/framework/web/CWebApplication.php(141): CWebApplication->runController()
#26 /private/var/www/gesticoop/yii/framework/base/CApplication.php(180): CWebApplication->processRequest()
#27 /private/var/www/gesticoop/index.php(13): CWebApplication->run()
REQUEST_URI=/gesticoop/mezzi
in /private/var/www/gesticoop/protected/views/mezzi/admin.php (71)
in /private/var/www/gesticoop/protected/controllers/MezziController.php (144)
in /private/var/www/gesticoop/index.php (13)
2014/01/07 18:02:24 [error] [php] Trying to get property of non-object (/private/var/www/gesticoop/yii/framework/base/CComponent.php(612) : eval()'d code:1)
Stack trace:
#0 /private/var/www/gesticoop/yii/framework/zii/widgets/grid/CGridColumn.php(151): CDataColumn->renderDataCellContent()
#1 /private/var/www/gesticoop/yii/framework/zii/widgets/grid/CGridView.php(616): CDataColumn->renderDataCell()
#2 /private/var/www/gesticoop/yii/framework/zii/widgets/grid/CGridView.php(572): CGridView->renderTableRow()
#3 /private/var/www/gesticoop/yii/framework/zii/widgets/grid/CGridView.php(482): CGridView->renderTableBody()
#4 /private/var/www/gesticoop/yii/framework/zii/widgets/CBaseListView.php(167): CGridView->renderItems()
#5 unknown(0): CGridView->renderSection()
#6 /private/var/www/gesticoop/yii/framework/zii/widgets/CBaseListView.php(150): preg_replace_callback()
#7 /private/var/www/gesticoop/yii/framework/zii/widgets/CBaseListView.php(135): CGridView->renderContent()
#8 /private/var/www/gesticoop/yii/framework/web/CBaseController.php(173): CGridView->run()
#9 /private/var/www/gesticoop/protected/views/mezzi/admin.php(71): MezziController->widget()
#10 /private/var/www/gesticoop/yii/framework/web/CBaseController.php(126): require()
#11 /private/var/www/gesticoop/yii/framework/web/CBaseController.php(95): MezziController->renderInternal()
#12 /private/var/www/gesticoop/yii/framework/web/CController.php(869): MezziController->renderFile()
#13 /private/var/www/gesticoop/yii/framework/web/CController.php(782): MezziController->renderPartial()
#14 /private/var/www/gesticoop/protected/controllers/MezziController.php(144): MezziController->render()
#15 /private/var/www/gesticoop/yii/framework/web/actions/CInlineAction.php(49): MezziController->actionIndex()
#16 /private/var/www/gesticoop/yii/framework/web/CController.php(308): CInlineAction->runWithParams()
#17 /private/var/www/gesticoop/yii/framework/web/filters/CFilterChain.php(133): MezziController->runAction()
#18 /private/var/www/gesticoop/yii/framework/web/filters/CFilter.php(40): CFilterChain->run()
#19 /private/var/www/gesticoop/yii/framework/web/CController.php(1145): CAccessControlFilter->filter()
#20 /private/var/www/gesticoop/yii/framework/web/filters/CInlineFilter.php(58): MezziController->filterAccessControl()
#21 /private/var/www/gesticoop/yii/framework/web/filters/CFilterChain.php(130): CInlineFilter->filter()
#22 /private/var/www/gesticoop/yii/framework/web/CController.php(291): CFilterChain->run()
#23 /private/var/www/gesticoop/yii/framework/web/CController.php(265): MezziController->runActionWithFilters()
#24 /private/var/www/gesticoop/yii/framework/web/CWebApplication.php(282): MezziController->run()
#25 /private/var/www/gesticoop/yii/framework/web/CWebApplication.php(141): CWebApplication->runController()
#26 /private/var/www/gesticoop/yii/framework/base/CApplication.php(180): CWebApplication->processRequest()
#27 /private/var/www/gesticoop/index.php(13): CWebApplication->run()
REQUEST_URI=/gesticoop/mezzi
in /private/var/www/gesticoop/protected/views/mezzi/admin.php (71)
in /private/var/www/gesticoop/protected/controllers/MezziController.php (144)
in /private/var/www/gesticoop/index.php (13)
2014/01/07 18:06:35 [error] [php] Undefined index: ut (/private/var/www/gesticoop/protected/views/mezzi/create.php:5)
Stack trace:
#0 /private/var/www/gesticoop/yii/framework/web/CController.php(869): MezziController->renderFile()
#1 /private/var/www/gesticoop/yii/framework/web/CController.php(782): MezziController->renderPartial()
#2 /private/var/www/gesticoop/protected/controllers/MezziController.php(79): MezziController->render()
#3 /private/var/www/gesticoop/yii/framework/web/actions/CInlineAction.php(49): MezziController->actionCreate()
#4 /private/var/www/gesticoop/yii/framework/web/CController.php(308): CInlineAction->runWithParams()
#5 /private/var/www/gesticoop/yii/framework/web/filters/CFilterChain.php(133): MezziController->runAction()
#6 /private/var/www/gesticoop/yii/framework/web/filters/CFilter.php(40): CFilterChain->run()
#7 /private/var/www/gesticoop/yii/framework/web/CController.php(1145): CAccessControlFilter->filter()
#8 /private/var/www/gesticoop/yii/framework/web/filters/CInlineFilter.php(58): MezziController->filterAccessControl()
#9 /private/var/www/gesticoop/yii/framework/web/filters/CFilterChain.php(130): CInlineFilter->filter()
#10 /private/var/www/gesticoop/yii/framework/web/CController.php(291): CFilterChain->run()
#11 /private/var/www/gesticoop/yii/framework/web/CController.php(265): MezziController->runActionWithFilters()
#12 /private/var/www/gesticoop/yii/framework/web/CWebApplication.php(282): MezziController->run()
#13 /private/var/www/gesticoop/yii/framework/web/CWebApplication.php(141): CWebApplication->runController()
#14 /private/var/www/gesticoop/yii/framework/base/CApplication.php(180): CWebApplication->processRequest()
#15 /private/var/www/gesticoop/index.php(13): CWebApplication->run()
REQUEST_URI=/gesticoop/mezzi/create
in /private/var/www/gesticoop/protected/views/mezzi/create.php (5)
in /private/var/www/gesticoop/protected/controllers/MezziController.php (79)
in /private/var/www/gesticoop/index.php (13)
2014/01/07 21:36:08 [error] [exception.CHttpException.404] exception 'CHttpException' with message 'Unable to resolve the request "images/logo.gif".' in /private/var/www/gesticoop/yii/framework/web/CWebApplication.php:286
Stack trace:
#0 /private/var/www/gesticoop/yii/framework/web/CWebApplication.php(141): CWebApplication->runController('images/logo.gif')
#1 /private/var/www/gesticoop/yii/framework/base/CApplication.php(180): CWebApplication->processRequest()
#2 /private/var/www/gesticoop/index.php(13): CApplication->run()
#3 {main}
REQUEST_URI=/gesticoop/images/logo.gif
HTTP_REFERER=http://localhost/gesticoop/societa/24
---
